<?xml version="1.0" encoding="UTF-8"?>
<!-- Generated by org.testng.reporters.JUnitXMLReporter -->
<testsuite ignored="0" hostname="PawanTyagi" failures="0" tests="3" name="Default test" time="34.536" errors="0" timestamp="2022-01-15T11:25:42 IST">
  <testcase classname="Homepagetest.Homepagetest" name="homepage" time="9.147"/>
  <testcase classname="Homepagetest.Homepagetest" name="bankpagetitle" time="16.673"/>
  <testcase classname="Homepagetest.Homepagetest" name="paymentgateway" time="8.498"/>
</testsuite> <!-- Default test -->
