<?xml version="1.0" encoding="UTF-8"?>
<testng-results ignored="0" total="3" passed="3" failed="0" skipped="0">
  <reporter-output>
  </reporter-output>
  <suite started-at="2022-01-15T11:25:08 IST" name="Default suite" finished-at="2022-01-15T11:25:42 IST" duration-ms="34536">
    <groups>
    </groups>
    <test started-at="2022-01-15T11:25:08 IST" name="Default test" finished-at="2022-01-15T11:25:42 IST" duration-ms="34536">
      <class name="Homepagetest.Homepagetest">
        <test-method is-config="true" signature="setUp()[pri:0, instance:Homepagetest.Homepagetest@2f4948e4]" started-at="2022-01-15T11:24:30 IST" name="setUp" finished-at="2022-01-15T11:25:08 IST" duration-ms="37644" status="PASS">
          <reporter-output>
          </reporter-output>
        </test-method> <!-- setUp -->
        <test-method signature="homepage()[pri:1, instance:Homepagetest.Homepagetest@2f4948e4]" started-at="2022-01-15T11:25:08 IST" name="homepage" finished-at="2022-01-15T11:25:17 IST" duration-ms="9147" status="PASS">
          <reporter-output>
          </reporter-output>
        </test-method> <!-- homepage -->
        <test-method signature="bankpagetitle()[pri:2, instance:Homepagetest.Homepagetest@2f4948e4]" started-at="2022-01-15T11:25:17 IST" name="bankpagetitle" finished-at="2022-01-15T11:25:34 IST" duration-ms="16673" status="PASS">
          <reporter-output>
          </reporter-output>
        </test-method> <!-- bankpagetitle -->
        <test-method signature="paymentgateway()[pri:3, instance:Homepagetest.Homepagetest@2f4948e4]" started-at="2022-01-15T11:25:34 IST" name="paymentgateway" finished-at="2022-01-15T11:25:42 IST" duration-ms="8498" status="PASS">
          <reporter-output>
          </reporter-output>
        </test-method> <!-- paymentgateway -->
        <test-method is-config="true" signature="quit()[pri:0, instance:Homepagetest.Homepagetest@2f4948e4]" started-at="2022-01-15T11:25:42 IST" name="quit" finished-at="2022-01-15T11:25:47 IST" duration-ms="4688" status="PASS">
          <reporter-output>
          </reporter-output>
        </test-method> <!-- quit -->
      </class> <!-- Homepagetest.Homepagetest -->
    </test> <!-- Default test -->
  </suite> <!-- Default suite -->
</testng-results>
